  main.cpp
  pathfinder.cpp
d:\documents\c++\pathfinderdszcx\pathfinder\pathfinder.cpp(23): warning C4244: '=': conversion from 'float' to 'int', possible loss of data
d:\documents\c++\pathfinderdszcx\pathfinder\pathfinder.cpp(36): warning C4244: '=': conversion from 'double' to 'float', possible loss of data
d:\documents\c++\pathfinderdszcx\pathfinder\pathfinder.cpp(80): warning C4244: '=': conversion from 'double' to 'float', possible loss of data
d:\documents\c++\pathfinderdszcx\pathfinder\pathfinder.cpp(81): warning C4267: 'argument': conversion from 'size_t' to 'int', possible loss of data
d:\documents\c++\pathfinderdszcx\pathfinder\pathfinder.cpp(83): warning C4267: 'argument': conversion from 'size_t' to '_Ty', possible loss of data
          with
          [
              _Ty=int
          ]
d:\documents\c++\pathfinderdszcx\pathfinder\pathfinder.cpp(86): warning C4267: '=': conversion from 'size_t' to '_Ty', possible loss of data
          with
          [
              _Ty=int
          ]
d:\documents\c++\pathfinderdszcx\pathfinder\pathfinder.cpp(91): warning C4244: '=': conversion from 'double' to 'float', possible loss of data
d:\documents\c++\pathfinderdszcx\pathfinder\pathfinder.cpp(92): warning C4267: 'argument': conversion from 'size_t' to 'int', possible loss of data
d:\documents\c++\pathfinderdszcx\pathfinder\pathfinder.cpp(94): warning C4267: 'argument': conversion from 'size_t' to '_Ty', possible loss of data
          with
          [
              _Ty=int
          ]
d:\documents\c++\pathfinderdszcx\pathfinder\pathfinder.cpp(97): warning C4267: '=': conversion from 'size_t' to '_Ty', possible loss of data
          with
          [
              _Ty=int
          ]
d:\documents\c++\pathfinderdszcx\pathfinder\pathfinder.cpp(102): warning C4244: '=': conversion from 'double' to 'float', possible loss of data
d:\documents\c++\pathfinderdszcx\pathfinder\pathfinder.cpp(103): warning C4267: 'argument': conversion from 'size_t' to 'int', possible loss of data
d:\documents\c++\pathfinderdszcx\pathfinder\pathfinder.cpp(105): warning C4267: 'argument': conversion from 'size_t' to '_Ty', possible loss of data
          with
          [
              _Ty=int
          ]
d:\documents\c++\pathfinderdszcx\pathfinder\pathfinder.cpp(108): warning C4267: '=': conversion from 'size_t' to '_Ty', possible loss of data
          with
          [
              _Ty=int
          ]
d:\documents\c++\pathfinderdszcx\pathfinder\pathfinder.cpp(113): warning C4244: '=': conversion from 'double' to 'float', possible loss of data
d:\documents\c++\pathfinderdszcx\pathfinder\pathfinder.cpp(114): warning C4267: 'argument': conversion from 'size_t' to 'int', possible loss of data
d:\documents\c++\pathfinderdszcx\pathfinder\pathfinder.cpp(116): warning C4267: 'argument': conversion from 'size_t' to '_Ty', possible loss of data
          with
          [
              _Ty=int
          ]
d:\documents\c++\pathfinderdszcx\pathfinder\pathfinder.cpp(119): warning C4267: '=': conversion from 'size_t' to '_Ty', possible loss of data
          with
          [
              _Ty=int
          ]
main.obj : error LNK2001: unresolved external symbol "public: __cdecl sf::CircleShape::CircleShape(float,unsigned __int64)" (??0CircleShape@sf@@QEAA@M_K@Z)
main.obj : error LNK2001: unresolved external symbol "public: virtual __cdecl sf::RenderWindow::~RenderWindow(void)" (??1RenderWindow@sf@@UEAA@XZ)
main.obj : error LNK2001: unresolved external symbol "public: __cdecl sf::RenderWindow::RenderWindow(class sf::VideoMode,class sf::String const &,unsigned int,struct sf::ContextSettings const &)" (??0RenderWindow@sf@@QEAA@VVideoMode@1@AEBVString@1@IAEBUContextSettings@1@@Z)
main.obj : error LNK2001: unresolved external symbol "public: __cdecl sf::Color::Color(unsigned char,unsigned char,unsigned char,unsigned char)" (??0Color@sf@@QEAA@EEEE@Z)
main.obj : error LNK2001: unresolved external symbol "public: void __cdecl sf::Window::display(void)" (?display@Window@sf@@QEAAXXZ)
main.obj : error LNK2001: unresolved external symbol "public: bool __cdecl sf::Window::pollEvent(class sf::Event &)" (?pollEvent@Window@sf@@QEAA_NAEAVEvent@2@@Z)
main.obj : error LNK2001: unresolved external symbol "public: bool __cdecl sf::Window::isOpen(void)const " (?isOpen@Window@sf@@QEBA_NXZ)
main.obj : error LNK2001: unresolved external symbol "public: void __cdecl sf::Window::close(void)" (?close@Window@sf@@QEAAXXZ)
main.obj : error LNK2001: unresolved external symbol "public: void __cdecl sf::RenderTarget::clear(class sf::Color const &)" (?clear@RenderTarget@sf@@QEAAXAEBVColor@2@@Z)
main.obj : error LNK2001: unresolved external symbol "public: virtual __cdecl sf::Shape::~Shape(void)" (??1Shape@sf@@UEAA@XZ)
main.obj : error LNK2001: unresolved external symbol "public: __cdecl sf::String::String(char const *,class std::locale const &)" (??0String@sf@@QEAA@PEBDAEBVlocale@std@@@Z)
main.obj : error LNK2001: unresolved external symbol "public: __cdecl sf::VideoMode::VideoMode(unsigned int,unsigned int,unsigned int)" (??0VideoMode@sf@@QEAA@III@Z)
D:\Documents\C++\pathfinderdszcx\x64\Release\pathfinder.exe : fatal error LNK1120: 12 unresolved externals
